00401 16581.05 ('Aggregate  (cost=16562.37..16562.38 rows=1 width=96)',)
00642 3846.69 ('Aggregate  (cost=75.46..75.47 rows=1 width=64)',)
01400 19300.57 ('Aggregate  (cost=105.72..105.73 rows=1 width=96)',)
01800 7695.90 ('Aggregate  (cost=5671.03..5671.04 rows=1 width=96)',)
02202 17155.36 ('Aggregate  (cost=17155.32..17155.33 rows=1 width=64)',)
02400 338050.25 ('Aggregate  (cost=33034.28..33034.29 rows=1 width=64)',)
02407 97643.87 ('Aggregate  (cost=21515.86..21515.87 rows=1 width=64)',)
02600 3942.00 ('Aggregate  (cost=3888.58..3888.59 rows=1 width=32)',)
02870 19824.56 ('Aggregate  (cost=19822.51..19822.52 rows=1 width=68)',)
03528 17165.73 ('Aggregate  (cost=17164.84..17164.85 rows=1 width=64)',)
03604 3911.58 ('Aggregate  (cost=3885.24..3885.25 rows=1 width=96)',)
03801 306.55 ('Aggregate  (cost=306.26..306.27 rows=1 width=96)',)
04000 4102.39 ('Aggregate  (cost=4038.25..4038.26 rows=1 width=64)',)
06848 3958.77 ('Aggregate  (cost=3957.82..3957.83 rows=1 width=32)',)
07601 4789.29 ('Aggregate  (cost=4716.38..4716.39 rows=1 width=64)',)
07607 4715.38 ('Aggregate  (cost=4154.44..4154.45 rows=1 width=64)',)
08401 69983.11 ('Aggregate  (cost=3757.34..3757.35 rows=1 width=64)',)
08403 68194.53 ('Aggregate  (cost=64629.29..64629.30 rows=1 width=64)',)
09002 491154.46 ('GroupAggregate  (cost=10873.53..10879.76 rows=4 width=132)',)
09800 83302.73 ('GroupAggregate  (cost=14222.82..14391.09 rows=1 width=68)',)